<?xml version="1.0" encoding="UTF-8"?>
<!-- Generated by org.testng.reporters.JUnitReportReporter -->
<testsuite hostname="IST-17" name="testCases.Framework_001" tests="1" failures="0" timestamp="10 Mar 2017 12:34:21 GMT" time="58.429" errors="0">
  <testcase name="main" time="58.429" classname="testCases.Framework_001"/>
</testsuite> <!-- testCases.Framework_001 -->
